<?xml version="1.0" encoding="UTF-8"?>
<!-- Generated by org.testng.reporters.JUnitReportReporter -->
<testsuite skipped="0" hostname="amit" name="testproject.SampleSeleniumTest" tests="1" failures="0" timestamp="23 Apr 2020 12:22:44 GMT" time="7.819" errors="0">
  <testcase name="validateGoogleId" time="7.819" classname="testproject.SampleSeleniumTest"/>
</testsuite> <!-- testproject.SampleSeleniumTest -->
