<?xml version="1.0" encoding="UTF-8"?>
<!-- Generated by org.testng.reporters.JUnitReportReporter -->
<testsuite skipped="0" hostname="amit" name="testproject.SelTest" tests="1" failures="0" timestamp="04 Jun 2020 10:23:58 GMT" time="6.112" errors="0">
  <testcase name="validateAboutPage" time="6.112" classname="testproject.SelTest"/>
</testsuite> <!-- testproject.SelTest -->
