<?xml version="1.0" encoding="UTF-8"?>
<!-- Generated by org.testng.reporters.JUnitReportReporter -->
<testsuite skipped="0" hostname="amit" name="testproject.SampleSeleniumTest" tests="1" failures="0" timestamp="23 Apr 2020 11:37:28 GMT" time="8.158" errors="0">
  <testcase name="validateGoogleId" time="8.158" classname="testproject.SampleSeleniumTest"/>
</testsuite> <!-- testproject.SampleSeleniumTest -->
